This is pdfTeX, Version 3.141592653-2.6-1.40.24 (MiKTeX 22.3) (preloaded format=pdflatex 2022.4.23)  28 NOV 2022 10:33
entering extended mode
 restricted \write18 enabled.
 file:line:error style messages enabled.
 %&-line parsing enabled.
**c:/Users/lupam/OneDrive/Escritorio/GitHub/Metodos_Num_Fluidos_I/Guias/Informe
_final/Informe/Chehade_final.tex

(c:/Users/lupam/OneDrive/Escritorio/GitHub/Metodos_Num_Fluidos_I/Guias/Informe_
final/Informe/Chehade_final.tex
LaTeX2e <2021-11-15> patch level 1
L3 programming layer <2022-04-10>
(C:\Users\lupam\AppData\Local\Programs\MiKTeX\tex/latex/revtex\revtex4-2.cls
Document Class: revtex4-2 2020/10/03 4.2e (https://journals.aps.org/revtex/ for
 documentation)
 Copyright (c) 2019 American Physical Society.
 mailto:revtex@aps.org
 Licensed under the LPPL:
http://www.ctan.org/tex-archive/macros/latex/base/lppl.txt
 Arthur Ogawa <arthur_ogawa at sbcglobal dot net>
 Based on work by David Carlisle <david at dcarlisle.demon.co.uk>
 Version (4.2d,4.2e): Modified by Mark Doyle and Phelype Oleinik
 .
ltxutil[2020/10/03 4.2e utilities package (portions licensed from W. E. Baxter 
web at superscript.com)]
LaTeX Info: Redefining \@centercr on input line 356.
Class revtex4-2 Info: Repairing hyperref-unfriendly LaTeX definition of \mpfoot
note on input line 481.
Class revtex4-2 Info: Repairing broken LateX \@sect on input line 803.
\intertabularlinepenalty=\count185
\@tbpen=\count186
\@arstrutbox@hline=\box50
Class revtex4-2 Info: Repairing broken LaTeX \@xbitor on input line 1834.
Class revtex4-2 Info: Making \typeout \long on input line 2099.
ltxfront[2020/10/03 4.2e frontmatter package (AO,DPC,MD)]
\c@affil=\count187
\c@collab=\count188
\absbox=\box51
ltxgrid[2020/10/03 4.2e page grid package (portions licensed from W. E. Baxter 
web at superscript.com)]
\c@linecount=\count189
\output@latex=\toks16
\box@size@1=\box52
\box@size@2=\box53
\@protection@box=\box54
\@topmark@saved=\toks17
\footins@saved=\box55
\footins@recovered=\box56
\column@recovered=\box57
\pagesofar=\box58
\footsofar=\box59
\pagegrid@col=\count190
Class revtex4-2 Info: Overriding \@vspace, \@vspacer, \@no@pgbk, \@newline, and
 \\  on input line 5665.
\c@part=\count191
\c@section=\count192
\c@subsection=\count193
\c@subsubsection=\count194
\c@paragraph=\count195
\c@subparagraph=\count196
\abovecaptionskip=\skip47
\belowcaptionskip=\skip48
\c@figure=\count197
\fbox@1=\box60
\c@table=\count198
\fbox@2=\box61
\c@video=\count199
\fbox@4=\box62
\@bibdataout=\write3
\widetext@top=\box63
\widetext@bot=\box64
Class revtex4-2 Info: Selecting society aps on input line 7658.
(C:\Users\lupam\AppData\Local\Programs\MiKTeX\tex/latex/revtex\aps4-2.rtx
File: aps4-2 2020/10/03 4.2e (https://journals.aps.org/revtex/ for documentatio
n)
Class revtex4-2 Info: RevTeX society APS selected on input line 40.
)
Class revtex4-2 Info: Selecting journal prb on input line 7660.
Class revtex4-2 Info: APS journal PRB selected on input line 7661.

(C:\Users\lupam\AppData\Local\Programs\MiKTeX\tex/latex/revtex\aps10pt4-2.rtx
File: aps10pt4-2 2020/10/03 4.2e (https://journals.aps.org/revtex/ for document
ation)
Class revtex4-2 Info: RevTeX pointsize 10pt selected on input line 39.
)
(C:\Users\lupam\AppData\Local\Programs\MiKTeX\tex/latex/textcase\textcase.sty
Package: textcase 2019/09/14 v1.00 Text only upper/lower case changing (DPC)
)
(C:\Users\lupam\AppData\Local\Programs\MiKTeX\tex/latex/url\url.sty
\Urlmuskip=\muskip16
Package: url 2013/09/16  ver 3.4  Verb mode for urls, etc.
)
(C:\Users\lupam\AppData\Local\Programs\MiKTeX\tex/latex/natbib\natbib.sty
Package: natbib 2010/09/13 8.31b (PWD, AO)
\bibhang=\skip49
\bibsep=\skip50
LaTeX Info: Redefining \cite on input line 694.
\c@NAT@ctr=\count266
)
Class revtex4-2 Info: Repairing natbib's \BibitemShut on input line 7665.

(C:\Users\lupam\AppData\Local\Programs\MiKTeX\tex/latex/revtex\revsymb4-2.sty
Package: revsymb4-2 2020/10/03 4.2e (https://journals.aps.org/revtex/ for docum
entation)
LaTeX Info: Redefining \REV@mathfrak on input line 128.
)) (C:\Users\lupam\AppData\Local\Programs\MiKTeX\tex/latex/base\inputenc.sty
Package: inputenc 2021/02/14 v1.3d Input encoding file
\inpenc@prehook=\toks18
\inpenc@posthook=\toks19
)
(C:\Users\lupam\AppData\Local\Programs\MiKTeX\tex/generic/babel\babel.sty
Package: babel 2022/02/26 3.73 The Babel package
\babel@savecnt=\count267
\U@D=\dimen138
\l@unhyphenated=\language79

(C:\Users\lupam\AppData\Local\Programs\MiKTeX\tex/generic/babel\txtbabel.def)
\bbl@readstream=\read2
\bbl@dirlevel=\count268

*************************************
* Local config file bblopts.cfg used
*
(C:\Users\lupam\AppData\Local\Programs\MiKTeX\tex/latex/arabi\bblopts.cfg
File: bblopts.cfg 2005/09/08 v0.1 add Arabic and Farsi to "declared" options of
 babel
)
(C:\Users\lupam\AppData\Local\Programs\MiKTeX\tex/latex/babel-spanish\spanish.l
df
Language: spanish.ldf 2021/05/27 v5.0q Spanish support from the babel system
\es@quottoks=\toks20
\es@quotdepth=\count269
Package babel Info: Making " an active character on input line 570.
Package babel Info: Making . an active character on input line 675.
Package babel Info: Making < an active character on input line 722.
Package babel Info: Making > an active character on input line 722.
))
(C:\Users\lupam\AppData\Local\Programs\MiKTeX\tex/latex/graphics\graphicx.sty
Package: graphicx 2021/09/16 v1.2d Enhanced LaTeX Graphics (DPC,SPQR)

(C:\Users\lupam\AppData\Local\Programs\MiKTeX\tex/latex/graphics\keyval.sty
Package: keyval 2014/10/28 v1.15 key=value parser (DPC)
\KV@toks@=\toks21
)
(C:\Users\lupam\AppData\Local\Programs\MiKTeX\tex/latex/graphics\graphics.sty
Package: graphics 2021/03/04 v1.4d Standard LaTeX Graphics (DPC,SPQR)

(C:\Users\lupam\AppData\Local\Programs\MiKTeX\tex/latex/graphics\trig.sty
Package: trig 2021/08/11 v1.11 sin cos tan (DPC)
)
(C:\Users\lupam\AppData\Local\Programs\MiKTeX\tex/latex/graphics-cfg\graphics.c
fg
File: graphics.cfg 2016/06/04 v1.11 sample graphics configuration
)
Package graphics Info: Driver file: pdftex.def on input line 107.

(C:\Users\lupam\AppData\Local\Programs\MiKTeX\tex/latex/graphics-def\pdftex.def
File: pdftex.def 2020/10/05 v1.2a Graphics/color driver for pdftex
))
\Gin@req@height=\dimen139
\Gin@req@width=\dimen140
) (C:\Users\lupam\AppData\Local\Programs\MiKTeX\tex/latex/amsmath\amsmath.sty
Package: amsmath 2021/10/15 v2.17l AMS math features
\@mathmargin=\skip51
For additional information on amsmath, use the `?' option.
(C:\Users\lupam\AppData\Local\Programs\MiKTeX\tex/latex/amsmath\amstext.sty
Package: amstext 2021/08/26 v2.01 AMS text

(C:\Users\lupam\AppData\Local\Programs\MiKTeX\tex/latex/amsmath\amsgen.sty
File: amsgen.sty 1999/11/30 v2.0 generic functions
\@emptytoks=\toks22
\ex@=\dimen141
)
LaTeX Info: Redefining \text on input line 28.
)
(C:\Users\lupam\AppData\Local\Programs\MiKTeX\tex/latex/amsmath\amsbsy.sty
Package: amsbsy 1999/11/29 v1.2d Bold Symbols
\pmbraise@=\dimen142
)
(C:\Users\lupam\AppData\Local\Programs\MiKTeX\tex/latex/amsmath\amsopn.sty
Package: amsopn 2021/08/26 v2.02 operator names
)
\inf@bad=\count270
LaTeX Info: Redefining \frac on input line 234.
\uproot@=\count271
\leftroot@=\count272
LaTeX Info: Redefining \overline on input line 399.
\classnum@=\count273
\DOTSCASE@=\count274
LaTeX Info: Redefining \ldots on input line 496.
LaTeX Info: Redefining \dots on input line 499.
LaTeX Info: Redefining \cdots on input line 620.
\Mathstrutbox@=\box65
\strutbox@=\box66
\big@size=\dimen143
LaTeX Font Info:    Redeclaring font encoding OML on input line 743.
LaTeX Font Info:    Redeclaring font encoding OMS on input line 744.
\macc@depth=\count275
\c@MaxMatrixCols=\count276
\dotsspace@=\muskip17
\c@parentequation=\count277
\dspbrk@lvl=\count278
\tag@help=\toks23
\row@=\count279
\column@=\count280
\maxfields@=\count281
\andhelp@=\toks24
\eqnshift@=\dimen144
\alignsep@=\dimen145
\tagshift@=\dimen146
\tagwidth@=\dimen147
\totwidth@=\dimen148
\lineht@=\dimen149
\@envbody=\toks25
\multlinegap=\skip52
\multlinetaggap=\skip53
\mathdisplay@stack=\toks26
LaTeX Info: Redefining \[ on input line 2938.
LaTeX Info: Redefining \] on input line 2939.
)
(C:\Users\lupam\AppData\Local\Programs\MiKTeX\tex/latex/caption\subcaption.sty
Package: subcaption 2022/01/07 v1.5 Sub-captions (AR)

(C:\Users\lupam\AppData\Local\Programs\MiKTeX\tex/latex/caption\caption.sty
Package: caption 2022/03/01 v3.6b Customizing captions (AR)

(C:\Users\lupam\AppData\Local\Programs\MiKTeX\tex/latex/caption\caption3.sty
Package: caption3 2022/03/17 v2.3b caption3 kernel (AR)
\caption@tempdima=\dimen150
\captionmargin=\dimen151
\caption@leftmargin=\dimen152
\caption@rightmargin=\dimen153
\caption@width=\dimen154
\caption@indent=\dimen155
\caption@parindent=\dimen156
\caption@hangindent=\dimen157
Package caption Info: Unknown document class (or package),
(caption)             standard defaults will be used.
Package caption Info: \@makecaption = \long macro:#1#2->\par \vskip \abovecapti
onskip \begingroup \small \rmfamily \sbox \@tempboxa {\let \\\heading@cr \@make
@capt@title {#1}{#2}}\@ifdim {\wd \@tempboxa >\hsize }{\begingroup \samepage \f
lushing \let \footnote \@footnotemark@gobble \@make@capt@title {#1}{#2}\par \en
dgroup }{\global \@minipagefalse \hb@xt@ \hsize {\hfil \unhbox \@tempboxa \hfil
 }}\endgroup \vskip \belowcaptionskip  on input line 1176.
)

Package caption Warning: Unknown document class (or package),
(caption)                standard defaults will be used.
See the caption package documentation for explanation.

\c@caption@flags=\count282
\c@continuedfloat=\count283
)
\c@subfigure=\count284
\c@subtable=\count285
) (C:\Users\lupam\AppData\Local\Programs\MiKTeX\tex/latex/wrapfig\wrapfig.sty
\wrapoverhang=\dimen158
\WF@size=\dimen159
\c@WF@wrappedlines=\count286
\WF@box=\box67
\WF@everypar=\toks27
Package: wrapfig 2003/01/31  v 3.6
)
(C:\Users\lupam\AppData\Local\Programs\MiKTeX\tex/latex/adjustbox\adjustbox.sty
Package: adjustbox 2020/08/19 v1.3 Adjusting TeX boxes (trim, clip, ...)
(C:\Users\lupam\AppData\Local\Programs\MiKTeX\tex/latex/xkeyval\xkeyval.sty
Package: xkeyval 2020/11/20 v2.8 package option processing (HA)

(C:\Users\lupam\AppData\Local\Programs\MiKTeX\tex/generic/xkeyval\xkeyval.tex
(C:\Users\lupam\AppData\Local\Programs\MiKTeX\tex/generic/xkeyval\xkvutils.tex
\XKV@toks=\toks28
\XKV@tempa@toks=\toks29
)
\XKV@depth=\count287
File: xkeyval.tex 2014/12/03 v2.7a key=value parser (HA)
))
(C:\Users\lupam\AppData\Local\Programs\MiKTeX\tex/latex/adjustbox\adjcalc.sty
Package: adjcalc 2012/05/16 v1.1 Provides advanced setlength with multiple back
-ends (calc, etex, pgfmath)
)
(C:\Users\lupam\AppData\Local\Programs\MiKTeX\tex/latex/adjustbox\trimclip.sty
Package: trimclip 2020/08/19 v1.2 Trim and clip general TeX material

(C:\Users\lupam\AppData\Local\Programs\MiKTeX\tex/latex/collectbox\collectbox.s
ty
Package: collectbox 2012/05/17 v0.4b Collect macro arguments as boxes
\collectedbox=\box68
)
\tc@llx=\dimen160
\tc@lly=\dimen161
\tc@urx=\dimen162
\tc@ury=\dimen163
Package trimclip Info: Using driver 'tc-pdftex.def'.

(C:\Users\lupam\AppData\Local\Programs\MiKTeX\tex/latex/adjustbox\tc-pdftex.def
File: tc-pdftex.def 2019/01/04 v2.2 Clipping driver for pdftex
))
\adjbox@Width=\dimen164
\adjbox@Height=\dimen165
\adjbox@Depth=\dimen166
\adjbox@Totalheight=\dimen167
\adjbox@pwidth=\dimen168
\adjbox@pheight=\dimen169
\adjbox@pdepth=\dimen170
\adjbox@ptotalheight=\dimen171

(C:\Users\lupam\AppData\Local\Programs\MiKTeX\tex/latex/ifoddpage\ifoddpage.sty
Package: ifoddpage 2016/04/23 v1.1 Conditionals for odd/even page detection
\c@checkoddpage=\count288
) (C:\Users\lupam\AppData\Local\Programs\MiKTeX\tex/latex/varwidth\varwidth.sty
Package: varwidth 2009/03/30 ver 0.92;  Variable-width minipages
\@vwid@box=\box69
\sift@deathcycles=\count289
\@vwid@loff=\dimen172
\@vwid@roff=\dimen173
)) (C:\Users\lupam\AppData\Local\Programs\MiKTeX\tex/latex/amsfonts\amssymb.sty
Package: amssymb 2013/01/14 v3.01 AMS font symbols
(C:\Users\lupam\AppData\Local\Programs\MiKTeX\tex/latex/amsfonts\amsfonts.sty
Package: amsfonts 2013/01/14 v3.01 Basic AMSFonts support
\symAMSa=\mathgroup4
\symAMSb=\mathgroup5
LaTeX Font Info:    Redeclaring math symbol \hbar on input line 98.
LaTeX Font Info:    Overwriting math alphabet `\mathfrak' in version `bold'
(Font)                  U/euf/m/n --> U/euf/b/n on input line 106.
LaTeX Info: Redefining \frak on input line 111.
LaTeX Info: Redefining \Bbb on input line 113.
)) (C:\Users\lupam\AppData\Local\Programs\MiKTeX\tex/latex/tools\bm.sty
Package: bm 2021/04/25 v1.2e Bold Symbol Support (DPC/FMi)
\symboldoperators=\mathgroup6
\symboldletters=\mathgroup7
\symboldsymbols=\mathgroup8
Package bm Info: No bold for \OMX/cmex/m/n, using \pmb.
Package bm Info: No bold for \U/msa/m/n, using \pmb.
Package bm Info: No bold for \U/msb/m/n, using \pmb.
LaTeX Font Info:    Redeclaring math alphabet \mathbf on input line 149.
LaTeX Info: Redefining \bm on input line 218.
)
(C:\Users\lupam\AppData\Local\Programs\MiKTeX\tex/latex/comment\comment.sty
\CommentStream=\write4

Excluding comment 'comment')
(C:\Users\lupam\AppData\Local\Programs\MiKTeX\tex/latex/base\textcomp.sty
Package: textcomp 2020/02/02 v2.0n Standard LaTeX package
)
(C:\Users\lupam\AppData\Local\Programs\MiKTeX\tex/latex/enumitem\enumitem.sty
Package: enumitem 2019/06/20 v3.9 Customized lists
\labelindent=\skip54
\enit@outerparindent=\dimen174
\enit@toks=\toks30
\enit@inbox=\box70
\enit@count@id=\count290
\enitdp@description=\count291
)
(C:\Users\lupam\AppData\Local\Programs\MiKTeX\tex/latex/xcolor\xcolor.sty
Package: xcolor 2021/10/31 v2.13 LaTeX color extensions (UK)

(C:\Users\lupam\AppData\Local\Programs\MiKTeX\tex/latex/graphics-cfg\color.cfg
File: color.cfg 2016/01/02 v1.6 sample color configuration
)
Package xcolor Info: Driver file: pdftex.def on input line 227.
Package xcolor Info: Model `cmy' substituted by `cmy0' on input line 1352.
Package xcolor Info: Model `hsb' substituted by `rgb' on input line 1356.
Package xcolor Info: Model `RGB' extended on input line 1368.
Package xcolor Info: Model `HTML' substituted by `rgb' on input line 1370.
Package xcolor Info: Model `Hsb' substituted by `hsb' on input line 1371.
Package xcolor Info: Model `tHsb' substituted by `hsb' on input line 1372.
Package xcolor Info: Model `HSB' substituted by `hsb' on input line 1373.
Package xcolor Info: Model `Gray' substituted by `gray' on input line 1374.
Package xcolor Info: Model `wave' substituted by `hsb' on input line 1375.
) (C:\Users\lupam\AppData\Local\Programs\MiKTeX\tex/latex/multirow\multirow.sty
Package: multirow 2021/03/15 v2.8 Span multiple rows of a table
\multirow@colwidth=\skip55
\multirow@cntb=\count292
\multirow@dima=\skip56
\bigstrutjot=\dimen175
) (C:\Users\lupam\AppData\Local\Programs\MiKTeX\tex/latex/hyperref\hyperref.sty
Package: hyperref 2022-02-21 v7.00n Hypertext links for LaTeX
(C:\Users\lupam\AppData\Local\Programs\MiKTeX\tex/generic/ltxcmds\ltxcmds.sty
Package: ltxcmds 2020-05-10 v1.25 LaTeX kernel commands for general use (HO)
)
(C:\Users\lupam\AppData\Local\Programs\MiKTeX\tex/generic/iftex\iftex.sty
Package: iftex 2022/02/03 v1.0f TeX engine tests
)
(C:\Users\lupam\AppData\Local\Programs\MiKTeX\tex/generic/pdftexcmds\pdftexcmds
.sty
Package: pdftexcmds 2020-06-27 v0.33 Utility functions of pdfTeX for LuaTeX (HO
)

(C:\Users\lupam\AppData\Local\Programs\MiKTeX\tex/generic/infwarerr\infwarerr.s
ty
Package: infwarerr 2019/12/03 v1.5 Providing info/warning/error messages (HO)
)
Package pdftexcmds Info: \pdf@primitive is available.
Package pdftexcmds Info: \pdf@ifprimitive is available.
Package pdftexcmds Info: \pdfdraftmode found.
)
(C:\Users\lupam\AppData\Local\Programs\MiKTeX\tex/generic/kvsetkeys\kvsetkeys.s
ty
Package: kvsetkeys 2019/12/15 v1.18 Key value parser (HO)
)
(C:\Users\lupam\AppData\Local\Programs\MiKTeX\tex/generic/kvdefinekeys\kvdefine
keys.sty
Package: kvdefinekeys 2019-12-19 v1.6 Define keys (HO)
)
(C:\Users\lupam\AppData\Local\Programs\MiKTeX\tex/generic/pdfescape\pdfescape.s
ty
Package: pdfescape 2019/12/09 v1.15 Implements pdfTeX's escape features (HO)
) (C:\Users\lupam\AppData\Local\Programs\MiKTeX\tex/latex/hycolor\hycolor.sty
Package: hycolor 2020-01-27 v1.10 Color options for hyperref/bookmark (HO)
)
(C:\Users\lupam\AppData\Local\Programs\MiKTeX\tex/latex/letltxmacro\letltxmacro
.sty
Package: letltxmacro 2019/12/03 v1.6 Let assignment for LaTeX macros (HO)
)
(C:\Users\lupam\AppData\Local\Programs\MiKTeX\tex/latex/auxhook\auxhook.sty
Package: auxhook 2019-12-17 v1.6 Hooks for auxiliary files (HO)
)
(C:\Users\lupam\AppData\Local\Programs\MiKTeX\tex/latex/kvoptions\kvoptions.sty
Package: kvoptions 2020-10-07 v3.14 Key value format for package options (HO)
)
\@linkdim=\dimen176
\Hy@linkcounter=\count293
\Hy@pagecounter=\count294
 (C:\Users\lupam\AppData\Local\Programs\MiKTeX\tex/latex/hyperref\pd1enc.def
File: pd1enc.def 2022-02-21 v7.00n Hyperref: PDFDocEncoding definition (HO)
Now handling font encoding PD1 ...
... no UTF-8 mapping file for font encoding PD1
)
(C:\Users\lupam\AppData\Local\Programs\MiKTeX\tex/generic/intcalc\intcalc.sty
Package: intcalc 2019/12/15 v1.3 Expandable calculations with integers (HO)
)
(C:\Users\lupam\AppData\Local\Programs\MiKTeX\tex/generic/etexcmds\etexcmds.sty
Package: etexcmds 2019/12/15 v1.7 Avoid name clashes with e-TeX commands (HO)
)
\Hy@SavedSpaceFactor=\count295
 (C:\Users\lupam\AppData\Local\Programs\MiKTeX\tex/latex/hyperref\puenc.def
File: puenc.def 2022-02-21 v7.00n Hyperref: PDF Unicode definition (HO)
Now handling font encoding PU ...
... no UTF-8 mapping file for font encoding PU
)
Package hyperref Info: Hyper figures OFF on input line 4137.
Package hyperref Info: Link nesting OFF on input line 4142.
Package hyperref Info: Hyper index ON on input line 4145.
Package hyperref Info: Plain pages OFF on input line 4152.
Package hyperref Info: Backreferencing OFF on input line 4157.
Package hyperref Info: Implicit mode ON; LaTeX internals redefined.
Package hyperref Info: Bookmarks ON on input line 4390.
LaTeX Info: Redefining \href on input line 4660.
\c@Hy@tempcnt=\count296
LaTeX Info: Redefining \url on input line 4749.
\XeTeXLinkMargin=\dimen177

(C:\Users\lupam\AppData\Local\Programs\MiKTeX\tex/generic/bitset\bitset.sty
Package: bitset 2019/12/09 v1.3 Handle bit-vector datatype (HO)

(C:\Users\lupam\AppData\Local\Programs\MiKTeX\tex/generic/bigintcalc\bigintcalc
.sty
Package: bigintcalc 2019/12/15 v1.5 Expandable calculations on big integers (HO
)
))
\Fld@menulength=\count297
\Field@Width=\dimen178
\Fld@charsize=\dimen179
Package hyperref Info: Hyper figures OFF on input line 6027.
Package hyperref Info: Link nesting OFF on input line 6032.
Package hyperref Info: Hyper index ON on input line 6035.
Package hyperref Info: backreferencing OFF on input line 6042.
Package hyperref Info: Link coloring OFF on input line 6047.
Package hyperref Info: Link coloring with OCG OFF on input line 6052.
Package hyperref Info: PDF/A mode OFF on input line 6057.
LaTeX Info: Redefining \ref on input line 6097.
LaTeX Info: Redefining \pageref on input line 6101.

(C:\Users\lupam\AppData\Local\Programs\MiKTeX\tex/latex/base\atbegshi-ltx.sty
Package: atbegshi-ltx 2021/01/10 v1.0c Emulation of the original atbegshi
package with kernel methods
)
\Hy@abspage=\count298
\c@Item=\count299
\c@Hfootnote=\count300
)
Package hyperref Info: Driver (autodetected): hpdftex.
(C:\Users\lupam\AppData\Local\Programs\MiKTeX\tex/latex/hyperref\hpdftex.def
File: hpdftex.def 2022-02-21 v7.00n Hyperref driver for pdfTeX

(C:\Users\lupam\AppData\Local\Programs\MiKTeX\tex/latex/base\atveryend-ltx.sty
Package: atveryend-ltx 2020/08/19 v1.0a Emulation of the original atveryend pac
kage
with kernel methods
)
\Fld@listcount=\count301
\c@bookmark@seq@number=\count302

(C:\Users\lupam\AppData\Local\Programs\MiKTeX\tex/latex/rerunfilecheck\rerunfil
echeck.sty
Package: rerunfilecheck 2019/12/05 v1.9 Rerun checks for auxiliary files (HO)

(C:\Users\lupam\AppData\Local\Programs\MiKTeX\tex/generic/uniquecounter\uniquec
ounter.sty
Package: uniquecounter 2019/12/15 v1.4 Provide unlimited unique counter (HO)
)
Package uniquecounter Info: New unique counter `rerunfilecheck' on input line 2
86.
)
\Hy@SectionHShift=\skip57
)
Package hyperref Info: Option `colorlinks' set `true' on input line 40.


Package hyperref Warning: Option `bookmarks' has already been used,
(hyperref)                setting the option has no effect on input line 40.

Package hyperref Info: Option `bookmarksopen' set `false' on input line 40.
\c@para=\count303
(C:\Users\lupam\AppData\Local\Programs\MiKTeX\tex/latex/footmisc\footmisc.sty
Package: footmisc 2022/03/08 v6.0d a miscellany of footnote facilities
\FN@temptoken=\toks31
\footnotemargin=\dimen180
\@outputbox@depth=\dimen181
Package footmisc Info: Declaring symbol style bringhurst on input line 695.
Package footmisc Info: Declaring symbol style chicago on input line 703.
Package footmisc Info: Declaring symbol style wiley on input line 712.
Package footmisc Info: Declaring symbol style lamport-robust on input line 723.

Package footmisc Info: Declaring symbol style lamport* on input line 743.
Package footmisc Info: Declaring symbol style lamport*-robust on input line 764
.
)
Excluding 'comment' comment.
Class revtex4-2 Info: Unrecognized LaTeX tabular. Please update this document c
lass! (Proceeding with fingers crossed.) on input line 161.
Class revtex4-2 Info: cite was not loaded (OK!) on input line 161.
Class revtex4-2 Info: mcite was not loaded (OK!) on input line 161.
Class revtex4-2 Info: multicol was not loaded (OK!) on input line 161.

(C:\Users\lupam\AppData\Local\Programs\MiKTeX\tex/latex/l3backend\l3backend-pdf
tex.def
File: l3backend-pdftex.def 2022-04-14 L3 backend support: PDF output (pdfTeX)
\l__color_backend_stack_int=\count304
\l__pdf_internal_box=\box71
)
No file Chehade_final.aux.
\openout1 = `Chehade_final.aux'.

LaTeX Font Info:    Checking defaults for OML/cmm/m/it on input line 161.
LaTeX Font Info:    ... okay on input line 161.
LaTeX Font Info:    Checking defaults for OMS/cmsy/m/n on input line 161.
LaTeX Font Info:    ... okay on input line 161.
LaTeX Font Info:    Checking defaults for OT1/cmr/m/n on input line 161.
LaTeX Font Info:    ... okay on input line 161.
LaTeX Font Info:    Checking defaults for T1/cmr/m/n on input line 161.
LaTeX Font Info:    ... okay on input line 161.
LaTeX Font Info:    Checking defaults for TS1/cmr/m/n on input line 161.
LaTeX Font Info:    ... okay on input line 161.
LaTeX Font Info:    Checking defaults for OMX/cmex/m/n on input line 161.
LaTeX Font Info:    ... okay on input line 161.
LaTeX Font Info:    Checking defaults for U/cmr/m/n on input line 161.
LaTeX Font Info:    ... okay on input line 161.
LaTeX Font Info:    Checking defaults for PD1/pdf/m/n on input line 161.
LaTeX Font Info:    ... okay on input line 161.
LaTeX Font Info:    Checking defaults for PU/pdf/m/n on input line 161.
LaTeX Font Info:    ... okay on input line 161.
LaTeX Info: Redefining \. on input line 161.
LaTeX Info: Redefining \% on input line 161.

(C:\Users\lupam\AppData\Local\Programs\MiKTeX\tex/context/base/mkii\supp-pdf.mk
ii
[Loading MPS to PDF converter (version 2006.09.02).]
\scratchcounter=\count305
\scratchdimen=\dimen182
\scratchbox=\box72
\nofMPsegments=\count306
\nofMParguments=\count307
\everyMPshowfont=\toks32
\MPscratchCnt=\count308
\MPscratchDim=\dimen183
\MPnumerator=\count309
\makeMPintoPDFobject=\count310
\everyMPtoPDFconversion=\toks33
)
(C:\Users\lupam\AppData\Local\Programs\MiKTeX\tex/latex/epstopdf-pkg\epstopdf-b
ase.sty
Package: epstopdf-base 2020-01-24 v2.11 Base part for package epstopdf

(C:\Users\lupam\AppData\Local\Programs\MiKTeX\tex/latex/grfext\grfext.sty
Package: grfext 2019/12/03 v1.3 Manage graphics extensions (HO)
)
Package epstopdf-base Info: Redefining graphics rule for `.eps' on input line 4
85.
Package grfext Info: Graphics extension search list:
(grfext)             [.pdf,.png,.jpg,.mps,.jpeg,.jbig2,.jb2,.PDF,.PNG,.JPG,.JPE
G,.JBIG2,.JB2,.eps]
(grfext)             \AppendGraphicsExtensions on input line 504.

(C:\Users\lupam\AppData\Local\Programs\MiKTeX\tex/latex/00miktex\epstopdf-sys.c
fg
File: epstopdf-sys.cfg 2021/03/18 v2.0 Configuration of epstopdf for MiKTeX
))
Package caption Info: Begin \AtBeginDocument code.
Package caption Info: hyperref package is loaded.
Package caption Info: wrapfig package is loaded.
Package caption Info: End \AtBeginDocument code.
Package hyperref Info: Link coloring ON on input line 161.

(C:\Users\lupam\AppData\Local\Programs\MiKTeX\tex/latex/hyperref\nameref.sty
Package: nameref 2021-04-02 v2.47 Cross-referencing by name of section

(C:\Users\lupam\AppData\Local\Programs\MiKTeX\tex/latex/refcount\refcount.sty
Package: refcount 2019/12/15 v3.6 Data extraction from label references (HO)
)
(C:\Users\lupam\AppData\Local\Programs\MiKTeX\tex/generic/gettitlestring\gettit
lestring.sty
Package: gettitlestring 2019/12/15 v1.6 Cleanup title references (HO)
)
\c@section@level=\count311
)
LaTeX Info: Redefining \ref on input line 161.
LaTeX Info: Redefining \pageref on input line 161.
LaTeX Info: Redefining \nameref on input line 161.
\@outlinefile=\write5
\openout5 = `Chehade_final.out'.

Class revtex4-2 Info: Taking \maketitle back from hyperref on input line 161.
\openout3 = `Chehade_finalNotes.bib'.

LaTeX Font Info:    Trying to load font information for U+msa on input line 180
.

(C:\Users\lupam\AppData\Local\Programs\MiKTeX\tex/latex/amsfonts\umsa.fd
File: umsa.fd 2013/01/14 v3.01 AMS symbols A
)
LaTeX Font Info:    Trying to load font information for U+msb on input line 180
.

(C:\Users\lupam\AppData\Local\Programs\MiKTeX\tex/latex/amsfonts\umsb.fd
File: umsb.fd 2013/01/14 v3.01 AMS symbols B
)

Class revtex4-2 Warning: Assuming \noaffiliation for authors.


LaTeX Warning: Reference `fig:esquema_cavidad_cuadrada' on page 1 undefined on 
input line 205.

c:/Users/lupam/OneDrive/Escritorio/GitHub/Metodos_Num_Fluidos_I/Guias/Informe_f
inal/Informe/Chehade_final.tex:206: Undefined control sequence.
\enit@enditemize ->\enit@after 
                               \endlist \ifx \enit@series \relax \else \ifnu...
l.206 \end{itemize}
                   
The control sequence at the end of the top line
of your error message was never \def'ed. If you have
misspelled it (e.g., `\hobx'), type `I' and the correct
spelling (e.g., `I\hbox'). Otherwise just continue,
and I'll forget about whatever was undefined.

c:/Users/lupam/OneDrive/Escritorio/GitHub/Metodos_Num_Fluidos_I/Guias/Informe_f
inal/Informe/Chehade_final.tex:206: Undefined control sequence.
\enit@enditemize ...x \else \ifnum \enit@resuming 
                                                  =\@ne \enit@setresumekeys ...
l.206 \end{itemize}
                   
The control sequence at the end of the top line
of your error message was never \def'ed. If you have
misspelled it (e.g., `\hobx'), type `I' and the correct
spelling (e.g., `I\hbox'). Otherwise just continue,
and I'll forget about whatever was undefined.

c:/Users/lupam/OneDrive/Escritorio/GitHub/Metodos_Num_Fluidos_I/Guias/Informe_f
inal/Informe/Chehade_final.tex:206: Missing number, treated as zero.
<to be read again> 
                   =
l.206 \end{itemize}
                   
A number should have been here; I inserted `0'.
(If you can't figure out why I needed to see a number,
look up `weird error' in the index to The TeXbook.)

c:/Users/lupam/OneDrive/Escritorio/GitHub/Metodos_Num_Fluidos_I/Guias/Informe_f
inal/Informe/Chehade_final.tex:206: Undefined control sequence.
\enit@setresumekeys ...xpandafter {\enit@savekeys 
                                                  }\xdef \enit@afterlist {#2...
l.206 \end{itemize}
                   
The control sequence at the end of the top line
of your error message was never \def'ed. If you have
misspelled it (e.g., `\hobx'), type `I' and the correct
spelling (e.g., `I\hbox'). Otherwise just continue,
and I'll forget about whatever was undefined.

c:/Users/lupam/OneDrive/Escritorio/GitHub/Metodos_Num_Fluidos_I/Guias/Informe_f
inal/Informe/Chehade_final.tex:206: Undefined control sequence.
\enit@setresumekeys ...it@toks }\ifnum \enit@type 
                                                  =\z@ #3\def \enit@noexcs {...
l.206 \end{itemize}
                   
The control sequence at the end of the top line
of your error message was never \def'ed. If you have
misspelled it (e.g., `\hobx'), type `I' and the correct
spelling (e.g., `I\hbox'). Otherwise just continue,
and I'll forget about whatever was undefined.

c:/Users/lupam/OneDrive/Escritorio/GitHub/Metodos_Num_Fluidos_I/Guias/Informe_f
inal/Informe/Chehade_final.tex:206: Missing number, treated as zero.
<to be read again> 
                   =
l.206 \end{itemize}
                   
A number should have been here; I inserted `0'.
(If you can't figure out why I needed to see a number,
look up `weird error' in the index to The TeXbook.)

c:/Users/lupam/OneDrive/Escritorio/GitHub/Metodos_Num_Fluidos_I/Guias/Informe_f
inal/Informe/Chehade_final.tex:206: Undefined control sequence.
<argument> enit@resume@series@\enit@series 
                                           
l.206 \end{itemize}
                   
The control sequence at the end of the top line
of your error message was never \def'ed. If you have
misspelled it (e.g., `\hobx'), type `I' and the correct
spelling (e.g., `I\hbox'). Otherwise just continue,
and I'll forget about whatever was undefined.

c:/Users/lupam/OneDrive/Escritorio/GitHub/Metodos_Num_Fluidos_I/Guias/Informe_f
inal/Informe/Chehade_final.tex:206: Undefined control sequence.
\enit@setresumekeys ...me@#1}{\csname c@\@listctr 
                                                  \endcsname \the \csname c@...
l.206 \end{itemize}
                   
The control sequence at the end of the top line
of your error message was never \def'ed. If you have
misspelled it (e.g., `\hobx'), type `I' and the correct
spelling (e.g., `I\hbox'). Otherwise just continue,
and I'll forget about whatever was undefined.

c:/Users/lupam/OneDrive/Escritorio/GitHub/Metodos_Num_Fluidos_I/Guias/Informe_f
inal/Informe/Chehade_final.tex:206: Undefined control sequence.
\enit@setresumekeys ...e \the \csname c@\@listctr 
                                                  \endcsname }\fi }
l.206 \end{itemize}
                   
The control sequence at the end of the top line
of your error message was never \def'ed. If you have
misspelled it (e.g., `\hobx'), type `I' and the correct
spelling (e.g., `I\hbox'). Otherwise just continue,
and I'll forget about whatever was undefined.

c:/Users/lupam/OneDrive/Escritorio/GitHub/Metodos_Num_Fluidos_I/Guias/Informe_f
inal/Informe/Chehade_final.tex:206: You can't use `\relax' after \the.
<recently read> \c@ 
                    
l.206 \end{itemize}
                   
I'm forgetting what you said and using zero instead.

c:/Users/lupam/OneDrive/Escritorio/GitHub/Metodos_Num_Fluidos_I/Guias/Informe_f
inal/Informe/Chehade_final.tex:206: Undefined control sequence.
\enit@enditemize ...ist \fi \ifnum \enit@resuming 
                                                  =\thr@@ \enit@setresumekey...
l.206 \end{itemize}
                   
The control sequence at the end of the top line
of your error message was never \def'ed. If you have
misspelled it (e.g., `\hobx'), type `I' and the correct
spelling (e.g., `I\hbox'). Otherwise just continue,
and I'll forget about whatever was undefined.

c:/Users/lupam/OneDrive/Escritorio/GitHub/Metodos_Num_Fluidos_I/Guias/Informe_f
inal/Informe/Chehade_final.tex:206: Missing number, treated as zero.
<to be read again> 
                   =
l.206 \end{itemize}
                   
A number should have been here; I inserted `0'.
(If you can't figure out why I needed to see a number,
look up `weird error' in the index to The TeXbook.)

c:/Users/lupam/OneDrive/Escritorio/GitHub/Metodos_Num_Fluidos_I/Guias/Informe_f
inal/Informe/Chehade_final.tex:206: Undefined control sequence.
\enit@setresumekeys ...xpandafter {\enit@savekeys 
                                                  }\xdef \enit@afterlist {#2...
l.206 \end{itemize}
                   
The control sequence at the end of the top line
of your error message was never \def'ed. If you have
misspelled it (e.g., `\hobx'), type `I' and the correct
spelling (e.g., `I\hbox'). Otherwise just continue,
and I'll forget about whatever was undefined.

c:/Users/lupam/OneDrive/Escritorio/GitHub/Metodos_Num_Fluidos_I/Guias/Informe_f
inal/Informe/Chehade_final.tex:206: Undefined control sequence.
\enit@setresumekeys ...it@toks }\ifnum \enit@type 
                                                  =\z@ #3\def \enit@noexcs {...
l.206 \end{itemize}
                   
The control sequence at the end of the top line
of your error message was never \def'ed. If you have
misspelled it (e.g., `\hobx'), type `I' and the correct
spelling (e.g., `I\hbox'). Otherwise just continue,
and I'll forget about whatever was undefined.

c:/Users/lupam/OneDrive/Escritorio/GitHub/Metodos_Num_Fluidos_I/Guias/Informe_f
inal/Informe/Chehade_final.tex:206: Missing number, treated as zero.
<to be read again> 
                   =
l.206 \end{itemize}
                   
A number should have been here; I inserted `0'.
(If you can't figure out why I needed to see a number,
look up `weird error' in the index to The TeXbook.)

c:/Users/lupam/OneDrive/Escritorio/GitHub/Metodos_Num_Fluidos_I/Guias/Informe_f
inal/Informe/Chehade_final.tex:206: Undefined control sequence.
\enit@setresumekeys ...me@#1}{\csname c@\@listctr 
                                                  \endcsname \the \csname c@...
l.206 \end{itemize}
                   
The control sequence at the end of the top line
of your error message was never \def'ed. If you have
misspelled it (e.g., `\hobx'), type `I' and the correct
spelling (e.g., `I\hbox'). Otherwise just continue,
and I'll forget about whatever was undefined.

c:/Users/lupam/OneDrive/Escritorio/GitHub/Metodos_Num_Fluidos_I/Guias/Informe_f
inal/Informe/Chehade_final.tex:206: Undefined control sequence.
\enit@setresumekeys ...e \the \csname c@\@listctr 
                                                  \endcsname }\fi }
l.206 \end{itemize}
                   
The control sequence at the end of the top line
of your error message was never \def'ed. If you have
misspelled it (e.g., `\hobx'), type `I' and the correct
spelling (e.g., `I\hbox'). Otherwise just continue,
and I'll forget about whatever was undefined.

c:/Users/lupam/OneDrive/Escritorio/GitHub/Metodos_Num_Fluidos_I/Guias/Informe_f
inal/Informe/Chehade_final.tex:206: You can't use `\relax' after \the.
<recently read> \c@ 
                    
l.206 \end{itemize}
                   
I'm forgetting what you said and using zero instead.


c:/Users/lupam/OneDrive/Escritorio/GitHub/Metodos_Num_Fluidos_I/Guias/Informe_f
inal/Informe/Chehade_final.tex:206: LaTeX Error: \begin{document} ended by \end
{itemize}.

See the LaTeX manual or LaTeX Companion for explanation.
Type  H <return>  for immediate help.
 ...                                              
                                                  
l.206 \end{itemize}
                   
Your command was ignored.
Type  I <command> <return>  to replace it with another command,
or  <return>  to continue without it.

c:/Users/lupam/OneDrive/Escritorio/GitHub/Metodos_Num_Fluidos_I/Guias/Informe_f
inal/Informe/Chehade_final.tex:206: Extra \endgroup.
<recently read> \endgroup 
                          
l.206 \end{itemize}
                   
Things are pretty mixed up, but I think the worst is over.

<C:/Users/lupam/OneDrive/Escritorio/GitHub/Metodos_Num_Fluidos_I/Guias/Informe_
final/Informe/Figures/esquema_cavidad_cuadrada.png, id=3, 554.82281pt x 567.620
62pt>
File: C:/Users/lupam/OneDrive/Escritorio/GitHub/Metodos_Num_Fluidos_I/Guias/Inf
orme_final/Informe/Figures/esquema_cavidad_cuadrada.png Graphic file (type png)

<use C:/Users/lupam/OneDrive/Escritorio/GitHub/Metodos_Num_Fluidos_I/Guias/Info
rme_final/Informe/Figures/esquema_cavidad_cuadrada.png>
Package pdftex.def Info: C:/Users/lupam/OneDrive/Escritorio/GitHub/Metodos_Num_
Fluidos_I/Guias/Informe_final/Informe/Figures/esquema_cavidad_cuadrada.png  use
d on input line 209.
(pdftex.def)             Requested size: 172.19925pt x 176.16843pt.

Package natbib Warning: Citation `Notas_materia' on page 1 undefined on input l
ine 210.


Package natbib Warning: Citation `Notas_materia' on page 1 undefined on input l
ine 210.


LaTeX Warning: `h' float specifier changed to `ht'.

[1{C:/Users/lupam/AppData/Local/MiKTeX/fonts/map/pdftex/pdftex.map} <C:/Users/l
upam/OneDrive/Escritorio/GitHub/Metodos_Num_Fluidos_I/Guias/Informe_final/Infor
me/Figures/esquema_cavidad_cuadrada.png>]

LaTeX Warning: Reference `fig:grillas_desplazadas' on page 2 undefined on input
 line 250.

<C:/Users/lupam/OneDrive/Escritorio/GitHub/Metodos_Num_Fluidos_I/Guias/Informe_
final/Informe/Figures/grilla_diferida_u.png, id=28, 520.94624pt x 694.84593pt>
File: C:/Users/lupam/OneDrive/Escritorio/GitHub/Metodos_Num_Fluidos_I/Guias/Inf
orme_final/Informe/Figures/grilla_diferida_u.png Graphic file (type png)
<use C:/Users/lupam/OneDrive/Escritorio/GitHub/Metodos_Num_Fluidos_I/Guias/Info
rme_final/Informe/Figures/grilla_diferida_u.png>
Package pdftex.def Info: C:/Users/lupam/OneDrive/Escritorio/GitHub/Metodos_Num_
Fluidos_I/Guias/Informe_final/Informe/Figures/grilla_diferida_u.png  used on in
put line 255.
(pdftex.def)             Requested size: 127.5pt x 170.0638pt.
<C:/Users/lupam/OneDrive/Escritorio/GitHub/Metodos_Num_Fluidos_I/Guias/Informe_
final/Informe/Figures/grilla_diferida_v.png, id=29, 415.5525pt x 691.08188pt>
File: C:/Users/lupam/OneDrive/Escritorio/GitHub/Metodos_Num_Fluidos_I/Guias/Inf
orme_final/Informe/Figures/grilla_diferida_v.png Graphic file (type png)
<use C:/Users/lupam/OneDrive/Escritorio/GitHub/Metodos_Num_Fluidos_I/Guias/Info
rme_final/Informe/Figures/grilla_diferida_v.png>
Package pdftex.def Info: C:/Users/lupam/OneDrive/Escritorio/GitHub/Metodos_Num_
Fluidos_I/Guias/Informe_final/Informe/Figures/grilla_diferida_v.png  used on in
put line 261.
(pdftex.def)             Requested size: 101.99844pt x 169.62761pt.

LaTeX Warning: Reference `fig:grilla_desplazada_u' on page 2 undefined on input
 line 265.


LaTeX Warning: Reference `fig:grilla_desplazada_v' on page 2 undefined on input
 line 265.


Package natbib Warning: Citation `Notas_materia' on page 2 undefined on input l
ine 265.


LaTeX Warning: Reference `fig:grilla_desplazada_u' on page 2 undefined on input
 line 265.


LaTeX Warning: Reference `fig:grilla_desplazada_v' on page 2 undefined on input
 line 265.


Package natbib Warning: Citation `Notas_materia' on page 2 undefined on input l
ine 265.


LaTeX Warning: Reference `eq:momento_x' on page 2 undefined on input line 278.


LaTeX Warning: Reference `eq:momento_y' on page 2 undefined on input line 278.


LaTeX Warning: Reference `eq:momento_x' on page 2 undefined on input line 282.


LaTeX Warning: Reference `eq:momento_y' on page 2 undefined on input line 282.


LaTeX Warning: Reference `eq:cons_masa' on page 2 undefined on input line 282.


Package natbib Warning: Citation `Notas_materia' on page 2 undefined on input l
ine 288.


LaTeX Warning: Reference `eq:momento_x' on page 2 undefined on input line 289.


LaTeX Warning: Reference `eq:momento_y' on page 2 undefined on input line 289.

[2 <C:/Users/lupam/OneDrive/Escritorio/GitHub/Metodos_Num_Fluidos_I/Guias/Infor
me_final/Informe/Figures/grilla_diferida_u.png> <C:/Users/lupam/OneDrive/Escrit
orio/GitHub/Metodos_Num_Fluidos_I/Guias/Informe_final/Informe/Figures/grilla_di
ferida_v.png>]
Overfull \hbox (44.86522pt too wide) detected at line 315
\OML/cmm/m/it/10 U[] \OT1/cmr/m/n/10 = []
 []


Overfull \hbox (52.25116pt too wide) detected at line 338
\OML/cmm/m/it/10 U[] \OT1/cmr/m/n/10 = \OML/cmm/m/it/10 U[] \OT1/cmr/m/n/10 + [
][\OML/cmm/m/it/10 f\OT1/cmr/m/n/10 (\OML/cmm/m/it/10 U[]; V[]; P[]\OT1/cmr/m/n
/10 ) + \OML/cmm/m/it/10 f\OT1/cmr/m/n/10 (\OML/cmm/m/it/10 U[]; V[]; P[]\OT1/c
mr/m/n/10 )] + \OML/cmm/m/it/10 O[]\OT1/cmr/m/n/10 ([][])\OML/cmm/m/it/10 :
 []


LaTeX Warning: Reference `eq:momento_x' on page 3 undefined on input line 345.


LaTeX Warning: Reference `eq:momento_y' on page 3 undefined on input line 345.


LaTeX Warning: Reference `eq:cons_masa' on page 3 undefined on input line 346.


Package natbib Warning: Citation `Patankar' on page 3 undefined on input line 3
46.

[3]
Underfull \hbox (badness 1087) in paragraph at lines 387--388
 []\OT1/cmr/m/n/10 Se plan-te^^So un al-go-rit-mo pa-ra mi-ni-mi-zar el cos-to
 []


LaTeX Warning: Reference `fig:a_vel_vs_dt' on page 4 undefined on input line 40
1.

c:/Users/lupam/OneDrive/Escritorio/GitHub/Metodos_Num_Fluidos_I/Guias/Informe_f
inal/Informe/Chehade_final.tex:401: Undefined control sequence.
l.401 ...si solo se consideraran $\Delta t \lessim
                                                   1$, se obtendría una dif...
The control sequence at the end of the top line
of your error message was never \def'ed. If you have
misspelled it (e.g., `\hobx'), type `I' and the correct
spelling (e.g., `I\hbox'). Otherwise just continue,
and I'll forget about whatever was undefined.

[4]
<C:/Users/lupam/OneDrive/Escritorio/GitHub/Metodos_Num_Fluidos_I/Guias/Informe_
final/Programa/graficos/a_vel_vs_dt.pdf, id=75, 454.8995pt x 274.66301pt>
File: C:/Users/lupam/OneDrive/Escritorio/GitHub/Metodos_Num_Fluidos_I/Guias/Inf
orme_final/Programa/graficos/a_vel_vs_dt.pdf Graphic file (type pdf)
<use C:/Users/lupam/OneDrive/Escritorio/GitHub/Metodos_Num_Fluidos_I/Guias/Info
rme_final/Programa/graficos/a_vel_vs_dt.pdf>
Package pdftex.def Info: C:/Users/lupam/OneDrive/Escritorio/GitHub/Metodos_Num_
Fluidos_I/Guias/Informe_final/Programa/graficos/a_vel_vs_dt.pdf  used on input 
line 404.
(pdftex.def)             Requested size: 246.0pt x 148.53374pt.


LaTeX Warning: No positions in optional float specifier.
               Default added (so using `tbp') on input line 423.


LaTeX Warning: File `dt_costo_vs_lsimpler.pdf' not found on input line 459.


c:/Users/lupam/OneDrive/Escritorio/GitHub/Metodos_Num_Fluidos_I/Guias/Informe_f
inal/Informe/Chehade_final.tex:459: Package pdftex.def Error: File `dt_costo_vs
_lsimpler.pdf' not found: using draft setting.

See the pdftex.def package documentation for explanation.
Type  H <return>  for immediate help.
 ...                                              
                                                  
l.459 ...h=\columnwidth]{dt_costo_vs_lsimpler.pdf}
                                                  
Try typing  <return>  to proceed.
If that doesn't work, type  X <return>  to quit.


LaTeX Warning: `h' float specifier changed to `ht'.


LaTeX Warning: No positions in optional float specifier.
               Default added (so using `tbp') on input line 464.

[5 <C:/Users/lupam/OneDrive/Escritorio/GitHub/Metodos_Num_Fluidos_I/Guias/Infor
me_final/Programa/graficos/a_vel_vs_dt.pdf>]

LaTeX Warning: A float is stuck (cannot be placed) on input line 491.


LaTeX Warning: A float is stuck (cannot be placed) on input line 491.


Class revtex4-2 Warning: Deferred float stuck during \clearpage processing.


LaTeX Warning: Reference `fig:velocidades_u_DC2_vs_Re' on page 6 undefined on i
nput line 491.


LaTeX Warning: Reference `fig:velocidades_v_DC2_vs_Re' on page 6 undefined on i
nput line 491.


Underfull \hbox (badness 1946) in paragraph at lines 499--501
[]\OT1/cmr/bx/n/10 24[][] [Com-pa-ra-ci^^Son cua-li-ta-ti-va en-tre m^^Seto-dos

 []


LaTeX Warning: Reference `terminos_advs_u' on page 6 undefined on input line 50
3.


LaTeX Warning: Reference `terminos_advs_u' on page 6 undefined on input line 50
3.


Underfull \hbox (badness 4429) in paragraph at lines 509--511
[]\OT1/cmr/bx/n/10 25[][] [Com-pa-ra-ci^^Son num^^Seri-ca en-tre m^^Seto-dos
 []


LaTeX Warning: Reference `fig:termino_advectivo' on page 6 undefined on input l
ine 516.


LaTeX Warning: Reference `velocidades_DC2_vs_Re' on page 6 undefined on input l
ine 528.

<C:/Users/lupam/OneDrive/Escritorio/GitHub/Metodos_Num_Fluidos_I/Guias/Informe_
final/Programa/graficos/termino_adv_Db_u_100.pdf, id=124, 438.52112pt x 315.505
02pt>
File: C:/Users/lupam/OneDrive/Escritorio/GitHub/Metodos_Num_Fluidos_I/Guias/Inf
orme_final/Programa/graficos/termino_adv_Db_u_100.pdf Graphic file (type pdf)
<use C:/Users/lupam/OneDrive/Escritorio/GitHub/Metodos_Num_Fluidos_I/Guias/Info
rme_final/Programa/graficos/termino_adv_Db_u_100.pdf>
Package pdftex.def Info: C:/Users/lupam/OneDrive/Escritorio/GitHub/Metodos_Num_
Fluidos_I/Guias/Informe_final/Programa/graficos/termino_adv_Db_u_100.pdf  used 
on input line 539.
(pdftex.def)             Requested size: 163.20374pt x 117.41864pt.
<C:/Users/lupam/OneDrive/Escritorio/GitHub/Metodos_Num_Fluidos_I/Guias/Informe_
final/Programa/graficos/termino_adv_Db_u_1000.pdf, id=125, 438.52112pt x 315.50
502pt>
File: C:/Users/lupam/OneDrive/Escritorio/GitHub/Metodos_Num_Fluidos_I/Guias/Inf
orme_final/Programa/graficos/termino_adv_Db_u_1000.pdf Graphic file (type pdf)
<use C:/Users/lupam/OneDrive/Escritorio/GitHub/Metodos_Num_Fluidos_I/Guias/Info
rme_final/Programa/graficos/termino_adv_Db_u_1000.pdf>
Package pdftex.def Info: C:/Users/lupam/OneDrive/Escritorio/GitHub/Metodos_Num_
Fluidos_I/Guias/Informe_final/Programa/graficos/termino_adv_Db_u_1000.pdf  used
 on input line 546.
(pdftex.def)             Requested size: 163.20374pt x 117.41864pt.
<C:/Users/lupam/OneDrive/Escritorio/GitHub/Metodos_Num_Fluidos_I/Guias/Informe_
final/Programa/graficos/termino_adv_Db_u_5000.pdf, id=126, 438.52112pt x 315.50
502pt>
File: C:/Users/lupam/OneDrive/Escritorio/GitHub/Metodos_Num_Fluidos_I/Guias/Inf
orme_final/Programa/graficos/termino_adv_Db_u_5000.pdf Graphic file (type pdf)
<use C:/Users/lupam/OneDrive/Escritorio/GitHub/Metodos_Num_Fluidos_I/Guias/Info
rme_final/Programa/graficos/termino_adv_Db_u_5000.pdf>
Package pdftex.def Info: C:/Users/lupam/OneDrive/Escritorio/GitHub/Metodos_Num_
Fluidos_I/Guias/Informe_final/Programa/graficos/termino_adv_Db_u_5000.pdf  used
 on input line 553.
(pdftex.def)             Requested size: 163.20374pt x 117.41864pt.
<C:/Users/lupam/OneDrive/Escritorio/GitHub/Metodos_Num_Fluidos_I/Guias/Informe_
final/Programa/graficos/termino_adv_Db_v_100.pdf, id=127, 449.60942pt x 313.968
03pt>
File: C:/Users/lupam/OneDrive/Escritorio/GitHub/Metodos_Num_Fluidos_I/Guias/Inf
orme_final/Programa/graficos/termino_adv_Db_v_100.pdf Graphic file (type pdf)
<use C:/Users/lupam/OneDrive/Escritorio/GitHub/Metodos_Num_Fluidos_I/Guias/Info
rme_final/Programa/graficos/termino_adv_Db_v_100.pdf>
Package pdftex.def Info: C:/Users/lupam/OneDrive/Escritorio/GitHub/Metodos_Num_
Fluidos_I/Guias/Informe_final/Programa/graficos/termino_adv_Db_v_100.pdf  used 
on input line 566.
(pdftex.def)             Requested size: 163.20374pt x 113.96739pt.
<C:/Users/lupam/OneDrive/Escritorio/GitHub/Metodos_Num_Fluidos_I/Guias/Informe_
final/Programa/graficos/termino_adv_Db_v_1000.pdf, id=128, 449.60942pt x 313.96
803pt>
File: C:/Users/lupam/OneDrive/Escritorio/GitHub/Metodos_Num_Fluidos_I/Guias/Inf
orme_final/Programa/graficos/termino_adv_Db_v_1000.pdf Graphic file (type pdf)
<use C:/Users/lupam/OneDrive/Escritorio/GitHub/Metodos_Num_Fluidos_I/Guias/Info
rme_final/Programa/graficos/termino_adv_Db_v_1000.pdf>
Package pdftex.def Info: C:/Users/lupam/OneDrive/Escritorio/GitHub/Metodos_Num_
Fluidos_I/Guias/Informe_final/Programa/graficos/termino_adv_Db_v_1000.pdf  used
 on input line 573.
(pdftex.def)             Requested size: 163.20374pt x 113.96739pt.
<C:/Users/lupam/OneDrive/Escritorio/GitHub/Metodos_Num_Fluidos_I/Guias/Informe_
final/Programa/graficos/termino_adv_Db_v_5000.pdf, id=129, 449.60942pt x 313.96
803pt>
File: C:/Users/lupam/OneDrive/Escritorio/GitHub/Metodos_Num_Fluidos_I/Guias/Inf
orme_final/Programa/graficos/termino_adv_Db_v_5000.pdf Graphic file (type pdf)
<use C:/Users/lupam/OneDrive/Escritorio/GitHub/Metodos_Num_Fluidos_I/Guias/Info
rme_final/Programa/graficos/termino_adv_Db_v_5000.pdf>
Package pdftex.def Info: C:/Users/lupam/OneDrive/Escritorio/GitHub/Metodos_Num_
Fluidos_I/Guias/Informe_final/Programa/graficos/termino_adv_Db_v_5000.pdf  used
 on input line 580.
(pdftex.def)             Requested size: 163.20374pt x 113.96739pt.
<C:/Users/lupam/OneDrive/Escritorio/GitHub/Metodos_Num_Fluidos_I/Guias/Informe_
final/Programa/graficos/terminos_advs_u_100.pdf, id=130, 411.56886pt x 315.5050
2pt>
File: C:/Users/lupam/OneDrive/Escritorio/GitHub/Metodos_Num_Fluidos_I/Guias/Inf
orme_final/Programa/graficos/terminos_advs_u_100.pdf Graphic file (type pdf)
<use C:/Users/lupam/OneDrive/Escritorio/GitHub/Metodos_Num_Fluidos_I/Guias/Info
rme_final/Programa/graficos/terminos_advs_u_100.pdf>
Package pdftex.def Info: C:/Users/lupam/OneDrive/Escritorio/GitHub/Metodos_Num_
Fluidos_I/Guias/Informe_final/Programa/graficos/terminos_advs_u_100.pdf  used o
n input line 596.
(pdftex.def)             Requested size: 163.20374pt x 125.11176pt.
<C:/Users/lupam/OneDrive/Escritorio/GitHub/Metodos_Num_Fluidos_I/Guias/Informe_
final/Programa/graficos/terminos_advs_u_1000.pdf, id=131, 411.56886pt x 315.505
02pt>
File: C:/Users/lupam/OneDrive/Escritorio/GitHub/Metodos_Num_Fluidos_I/Guias/Inf
orme_final/Programa/graficos/terminos_advs_u_1000.pdf Graphic file (type pdf)
<use C:/Users/lupam/OneDrive/Escritorio/GitHub/Metodos_Num_Fluidos_I/Guias/Info
rme_final/Programa/graficos/terminos_advs_u_1000.pdf>
Package pdftex.def Info: C:/Users/lupam/OneDrive/Escritorio/GitHub/Metodos_Num_
Fluidos_I/Guias/Informe_final/Programa/graficos/terminos_advs_u_1000.pdf  used 
on input line 603.
(pdftex.def)             Requested size: 163.20374pt x 125.11176pt.
<C:/Users/lupam/OneDrive/Escritorio/GitHub/Metodos_Num_Fluidos_I/Guias/Informe_
final/Programa/graficos/terminos_advs_u_5000.pdf, id=132, 411.56886pt x 315.505
02pt>
File: C:/Users/lupam/OneDrive/Escritorio/GitHub/Metodos_Num_Fluidos_I/Guias/Inf
orme_final/Programa/graficos/terminos_advs_u_5000.pdf Graphic file (type pdf)
<use C:/Users/lupam/OneDrive/Escritorio/GitHub/Metodos_Num_Fluidos_I/Guias/Info
rme_final/Programa/graficos/terminos_advs_u_5000.pdf>
Package pdftex.def Info: C:/Users/lupam/OneDrive/Escritorio/GitHub/Metodos_Num_
Fluidos_I/Guias/Informe_final/Programa/graficos/terminos_advs_u_5000.pdf  used 
on input line 610.
(pdftex.def)             Requested size: 163.20374pt x 125.11176pt.
<C:/Users/lupam/OneDrive/Escritorio/GitHub/Metodos_Num_Fluidos_I/Guias/Informe_
final/Programa/graficos/terminos_advs_v_100.pdf, id=133, 422.65717pt x 313.9680
3pt>
File: C:/Users/lupam/OneDrive/Escritorio/GitHub/Metodos_Num_Fluidos_I/Guias/Inf
orme_final/Programa/graficos/terminos_advs_v_100.pdf Graphic file (type pdf)
<use C:/Users/lupam/OneDrive/Escritorio/GitHub/Metodos_Num_Fluidos_I/Guias/Info
rme_final/Programa/graficos/terminos_advs_v_100.pdf>
Package pdftex.def Info: C:/Users/lupam/OneDrive/Escritorio/GitHub/Metodos_Num_
Fluidos_I/Guias/Informe_final/Programa/graficos/terminos_advs_v_100.pdf  used o
n input line 622.
(pdftex.def)             Requested size: 163.20374pt x 121.23497pt.
<C:/Users/lupam/OneDrive/Escritorio/GitHub/Metodos_Num_Fluidos_I/Guias/Informe_
final/Programa/graficos/terminos_advs_v_1000.pdf, id=134, 422.65717pt x 313.968
03pt>
File: C:/Users/lupam/OneDrive/Escritorio/GitHub/Metodos_Num_Fluidos_I/Guias/Inf
orme_final/Programa/graficos/terminos_advs_v_1000.pdf Graphic file (type pdf)
<use C:/Users/lupam/OneDrive/Escritorio/GitHub/Metodos_Num_Fluidos_I/Guias/Info
rme_final/Programa/graficos/terminos_advs_v_1000.pdf>
Package pdftex.def Info: C:/Users/lupam/OneDrive/Escritorio/GitHub/Metodos_Num_
Fluidos_I/Guias/Informe_final/Programa/graficos/terminos_advs_v_1000.pdf  used 
on input line 629.
(pdftex.def)             Requested size: 163.20374pt x 121.23497pt.
<C:/Users/lupam/OneDrive/Escritorio/GitHub/Metodos_Num_Fluidos_I/Guias/Informe_
final/Programa/graficos/terminos_advs_v_5000.pdf, id=135, 422.65717pt x 313.968
03pt>
File: C:/Users/lupam/OneDrive/Escritorio/GitHub/Metodos_Num_Fluidos_I/Guias/Inf
orme_final/Programa/graficos/terminos_advs_v_5000.pdf Graphic file (type pdf)
<use C:/Users/lupam/OneDrive/Escritorio/GitHub/Metodos_Num_Fluidos_I/Guias/Info
rme_final/Programa/graficos/terminos_advs_v_5000.pdf>
Package pdftex.def Info: C:/Users/lupam/OneDrive/Escritorio/GitHub/Metodos_Num_
Fluidos_I/Guias/Informe_final/Programa/graficos/terminos_advs_v_5000.pdf  used 
on input line 636.
(pdftex.def)             Requested size: 163.20374pt x 121.23497pt.
<C:/Users/lupam/OneDrive/Escritorio/GitHub/Metodos_Num_Fluidos_I/Guias/Informe_
final/Programa/graficos/termino_adv_DC2.pdf, id=136, 414.21626pt x 320.52377pt>

File: C:/Users/lupam/OneDrive/Escritorio/GitHub/Metodos_Num_Fluidos_I/Guias/Inf
orme_final/Programa/graficos/termino_adv_DC2.pdf Graphic file (type pdf)
<use C:/Users/lupam/OneDrive/Escritorio/GitHub/Metodos_Num_Fluidos_I/Guias/Info
rme_final/Programa/graficos/termino_adv_DC2.pdf>
Package pdftex.def Info: C:/Users/lupam/OneDrive/Escritorio/GitHub/Metodos_Num_
Fluidos_I/Guias/Informe_final/Programa/graficos/termino_adv_DC2.pdf  used on in
put line 651.
(pdftex.def)             Requested size: 163.20374pt x 126.29004pt.
<C:/Users/lupam/OneDrive/Escritorio/GitHub/Metodos_Num_Fluidos_I/Guias/Informe_
final/Programa/graficos/termino_adv_UP1.pdf, id=137, 414.21626pt x 320.52377pt>

File: C:/Users/lupam/OneDrive/Escritorio/GitHub/Metodos_Num_Fluidos_I/Guias/Inf
orme_final/Programa/graficos/termino_adv_UP1.pdf Graphic file (type pdf)
<use C:/Users/lupam/OneDrive/Escritorio/GitHub/Metodos_Num_Fluidos_I/Guias/Info
rme_final/Programa/graficos/termino_adv_UP1.pdf>
Package pdftex.def Info: C:/Users/lupam/OneDrive/Escritorio/GitHub/Metodos_Num_
Fluidos_I/Guias/Informe_final/Programa/graficos/termino_adv_UP1.pdf  used on in
put line 658.
(pdftex.def)             Requested size: 163.20374pt x 126.29004pt.
<C:/Users/lupam/OneDrive/Escritorio/GitHub/Metodos_Num_Fluidos_I/Guias/Informe_
final/Programa/graficos/termino_adv_QUICK.pdf, id=138, 414.21626pt x 320.52377p
t>
File: C:/Users/lupam/OneDrive/Escritorio/GitHub/Metodos_Num_Fluidos_I/Guias/Inf
orme_final/Programa/graficos/termino_adv_QUICK.pdf Graphic file (type pdf)
<use C:/Users/lupam/OneDrive/Escritorio/GitHub/Metodos_Num_Fluidos_I/Guias/Info
rme_final/Programa/graficos/termino_adv_QUICK.pdf>
Package pdftex.def Info: C:/Users/lupam/OneDrive/Escritorio/GitHub/Metodos_Num_
Fluidos_I/Guias/Informe_final/Programa/graficos/termino_adv_QUICK.pdf  used on 
input line 665.
(pdftex.def)             Requested size: 163.20374pt x 126.29004pt.

LaTeX Warning: No positions in optional float specifier.
               Default added (so using `tbp') on input line 680.

c:/Users/lupam/OneDrive/Escritorio/GitHub/Metodos_Num_Fluidos_I/Guias/Informe_f
inal/Informe/Chehade_final.tex:686: Argument of \multicolumn has an extra }.
<inserted text> 
                \par 
l.686   \multicolumn1}
                      {|l|}{QUICK} & \multicolumn{1}{c|}{$0.08778$} & \multi...
I've run across a `}' that doesn't seem to match anything.
For example, `\def\a#1{...}' and `\a}' would produce
this error. If you simply proceed now, the `\par' that
I've just inserted will cause me to report a runaway
argument that might be the root of the problem. But if
your `}' was spurious, just type `2' and it will go away.

Runaway argument?
c:/Users/lupam/OneDrive/Escritorio/GitHub/Metodos_Num_Fluidos_I/Guias/Informe_f
inal/Informe/Chehade_final.tex:686: Paragraph ended before \multicolumn was com
plete.
<to be read again> 
                   \par 
l.686   \multicolumn1}
                      {|l|}{QUICK} & \multicolumn{1}{c|}{$0.08778$} & \multi...
I suspect you've forgotten a `}', causing me to apply this
control sequence to too much text. How can we recover?
My plan is to forget the whole thing and hope for the best.

c:/Users/lupam/OneDrive/Escritorio/GitHub/Metodos_Num_Fluidos_I/Guias/Informe_f
inal/Informe/Chehade_final.tex:686: Misplaced alignment tab character &.
l.686   \multicolumn1}{|l|}{QUICK} &
                                     \multicolumn{1}{c|}{$0.08778$} & \multi...
I can't figure out why you would want to use a tab mark
here. If you just want an ampersand, the remedy is
simple: Just type `I\&' now. But if some right brace
up above has ended a previous alignment prematurely,
you're probably due for more error messages, and you
might try typing `S' now just to see what is salvageable.

c:/Users/lupam/OneDrive/Escritorio/GitHub/Metodos_Num_Fluidos_I/Guias/Informe_f
inal/Informe/Chehade_final.tex:686: Misplaced \omit.
\multispan ->\omit 
                   \@multispan 
l.686 ...}{QUICK} & \multicolumn{1}{c|}{$0.08778$}
                                                   & \multicolumn{1}{c|}{$0....
I expect to see \omit only after tab marks or the \cr of
an alignment. Proceed, and I'll ignore this case.

c:/Users/lupam/OneDrive/Escritorio/GitHub/Metodos_Num_Fluidos_I/Guias/Informe_f
inal/Informe/Chehade_final.tex:686: Misplaced alignment tab character &.
l.686 ...QUICK} & \multicolumn{1}{c|}{$0.08778$} &
                                                   \multicolumn{1}{c|}{$0.30...
I can't figure out why you would want to use a tab mark
here. If you just want an ampersand, the remedy is
simple: Just type `I\&' now. But if some right brace
up above 